<?xml version="1.0" encoding="UTF-8"?>
<!-- Generated by org.testng.reporters.JUnitReportReporter -->
<testsuite hostname="DESKTOP-8MA2CUN" failures="0" tests="1" name="Cucumber.cucumberProject.TestNinjaTests001" time="5.072" errors="0" timestamp="2023-11-02T12:58:34 EDT" skipped="0">
  <testcase classname="Cucumber.cucumberProject.TestNinjaTests001" name="setup" time="5.072"/>
  <system-out/>
</testsuite> <!-- Cucumber.cucumberProject.TestNinjaTests001 -->
