<?xml version="1.0" encoding="UTF-8"?>
<!-- Generated by org.testng.reporters.JUnitReportReporter -->
<testsuite hostname="DESKTOP-8MA2CUN" failures="0" tests="1" name="herokuappTest.BaseClass" time="2.907" errors="0" timestamp="2023-11-06T12:08:36 EST" skipped="0">
  <testcase classname="herokuappTest.BaseClass" name="setUp" time="2.907"/>
  <system-out/>
</testsuite> <!-- herokuappTest.BaseClass -->
