<?xml version="1.0" encoding="UTF-8"?>
<!-- Generated by org.testng.reporters.JUnitReportReporter -->
<testsuite hostname="DESKTOP-8MA2CUN" failures="0" tests="1" name="herokuappTest.FomyHerokuAppTest001" time="56.076" errors="0" timestamp="2023-11-08T07:53:54 EST" skipped="0">
  <testcase classname="herokuappTest.FomyHerokuAppTest001" name="lanuchApplication" time="56.076"/>
  <system-out/>
</testsuite> <!-- herokuappTest.FomyHerokuAppTest001 -->
